2025-07-11 14:30:26 - BtcBroadcast - INFO - 播报任务已启动，将每隔 15 分钟执行一次。
2025-07-11 14:30:26 - BtcBroadcast - INFO - ==================== 开始执行新一轮播报 ====================
2025-07-11 14:30:26 - BtcBroadcast - INFO - 正在从 CoinGecko 获取 BTC 价格和24小时变动...
2025-07-11 14:30:47 - BtcBroadcast - WARNING - 请求 'https://api.coingecko.com/api/v3/simple/price' 失败 (尝试 1/3): HTTPSConnectionPool(host='api.coingecko.com', port=443): Max retries exceeded with url: /api/v3/simple/price?ids=bitcoin&vs_currencies=usd&include_24hr_change=true (Caused by ConnectTimeoutError(<urllib3.connection.HTTPSConnection object at 0x11c4b5e20>, 'Connection to api.coingecko.com timed out. (connect timeout=10)'))
2025-07-11 14:31:12 - BtcBroadcast - WARNING - 请求 'https://api.coingecko.com/api/v3/simple/price' 失败 (尝试 2/3): HTTPSConnectionPool(host='api.coingecko.com', port=443): Max retries exceeded with url: /api/v3/simple/price?ids=bitcoin&vs_currencies=usd&include_24hr_change=true (Caused by ConnectTimeoutError(<urllib3.connection.HTTPSConnection object at 0x11c4b5190>, 'Connection to api.coingecko.com timed out. (connect timeout=10)'))
2025-07-11 14:31:37 - BtcBroadcast - WARNING - 请求 'https://api.coingecko.com/api/v3/simple/price' 失败 (尝试 3/3): HTTPSConnectionPool(host='api.coingecko.com', port=443): Max retries exceeded with url: /api/v3/simple/price?ids=bitcoin&vs_currencies=usd&include_24hr_change=true (Caused by ConnectTimeoutError(<urllib3.connection.HTTPSConnection object at 0x11c4aca30>, 'Connection to api.coingecko.com timed out. (connect timeout=10)'))
2025-07-11 14:31:37 - BtcBroadcast - ERROR - 请求 'https://api.coingecko.com/api/v3/simple/price' 在 3 次尝试后最终失败。
2025-07-11 14:31:37 - BtcBroadcast - ERROR - 无法从 CoinGecko 获取 BTC 数据。
2025-07-11 14:31:37 - BtcBroadcast - INFO - 正在从 alternative.me 获取恐惧贪婪指数...
2025-07-11 14:31:38 - BtcBroadcast - INFO - 获取成功: 恐惧贪婪指数=71 (Greed)
2025-07-11 14:31:38 - BtcBroadcast - INFO - 正在从币安获取 BTCUSDT 的 1d K线数据 (最近 100 条)...
2025-07-11 14:31:39 - BtcBroadcast - INFO - 成功获取 100 条K线数据。
2025-07-11 14:31:39 - BtcBroadcast - ERROR - 由于部分数据源获取失败，本轮播报中止。
2025-07-11 14:31:39 - BtcBroadcast - ERROR - 数据不完整，无法格式化飞书消息。
2025-07-11 14:31:39 - BtcBroadcast - INFO - 正在发送消息到飞书...
2025-07-11 14:31:43 - BtcBroadcast - INFO - 消息成功发送到飞书。
2025-07-11 14:31:43 - BtcBroadcast - INFO - ==================== 本轮播报执行结束 ====================

2025-07-11 14:31:55 - BtcBroadcast - INFO - 播报任务已启动，将每隔 15 分钟执行一次。
2025-07-11 14:31:55 - BtcBroadcast - INFO - ==================== 开始执行新一轮播报 ====================
2025-07-11 14:31:55 - BtcBroadcast - INFO - 正在从 CoinGecko 获取 BTC 价格和24小时变动...
2025-07-11 14:31:55 - BtcBroadcast - INFO - 获取成功: 价格=$118196, 24h变化=6.20%
2025-07-11 14:31:55 - BtcBroadcast - INFO - 正在从 alternative.me 获取恐惧贪婪指数...
2025-07-11 14:31:56 - BtcBroadcast - INFO - 获取成功: 恐惧贪婪指数=71 (Greed)
2025-07-11 14:31:56 - BtcBroadcast - INFO - 正在从币安获取 BTCUSDT 的 1d K线数据 (最近 100 条)...
2025-07-11 14:31:57 - BtcBroadcast - INFO - 成功获取 100 条K线数据。
2025-07-11 14:31:57 - BtcBroadcast - INFO - 技术指标计算完成: SMA_30=107253.55, RSI_14=73.81
2025-07-11 14:31:57 - BtcBroadcast - INFO - 开始决策...
2025-07-11 14:31:57 - BtcBroadcast - INFO - 当前价格: 118196, SMA_30: 107253.55, RSI_14: 73.81, F&G指数: 71
2025-07-11 14:31:57 - BtcBroadcast - INFO - 决策：少量卖出 (原因: RSI >= 65)
2025-07-11 14:31:57 - BtcBroadcast - INFO - 正在发送消息到飞书...
2025-07-11 14:32:00 - BtcBroadcast - INFO - 消息成功发送到飞书。
2025-07-11 14:32:00 - BtcBroadcast - INFO - 最终决策: 少量卖出
2025-07-11 14:32:00 - BtcBroadcast - INFO - ==================== 本轮播报执行结束 ====================

2025-07-11 14:43:40 - BtcBroadcast - INFO - 播报任务已启动，将每隔 15 分钟执行一次。
2025-07-11 14:43:40 - BtcBroadcast - INFO - ==================== 开始执行新一轮播报 ====================
2025-07-11 14:43:40 - BtcBroadcast - INFO - 正在从 CoinGecko 获取 BTC 价格和24小时变动...
2025-07-11 14:43:41 - BtcBroadcast - INFO - 获取成功: 价格=$118094, 24h变化=6.20%
2025-07-11 14:43:41 - BtcBroadcast - INFO - 正在从 alternative.me 获取恐惧贪婪指数...
2025-07-11 14:43:42 - BtcBroadcast - INFO - 获取成功: 恐惧贪婪指数=71 (Greed)
2025-07-11 14:43:42 - BtcBroadcast - INFO - 正在从币安获取 BTCUSDT 的 1d K线数据 (最近 100 条)...
2025-07-11 14:43:43 - BtcBroadcast - INFO - 成功获取 100 条K线数据。
2025-07-11 14:43:43 - BtcBroadcast - INFO - 技术指标计算完成: SMA_30=107249.34, RSI_14=73.65
2025-07-11 14:43:43 - BtcBroadcast - INFO - 开始决策...
2025-07-11 14:43:43 - BtcBroadcast - INFO - 当前价格: 118094, SMA_30: 107249.34, RSI_14: 73.65, F&G指数: 71
2025-07-11 14:43:43 - BtcBroadcast - INFO - 决策：少量卖出 (原因: RSI >= 65)
2025-07-11 14:43:43 - BtcBroadcast - INFO - 正在发送消息到飞书...
2025-07-11 14:43:44 - BtcBroadcast - INFO - 消息成功发送到飞书。
2025-07-11 14:43:44 - BtcBroadcast - INFO - 最终决策: 少量卖出
2025-07-11 14:43:44 - BtcBroadcast - INFO - ==================== 本轮播报执行结束 ====================

2025-07-11 14:58:45 - BtcBroadcast - INFO - ==================== 开始执行新一轮播报 ====================
2025-07-11 14:58:45 - BtcBroadcast - INFO - 正在从 CoinGecko 获取 BTC 价格和24小时变动...
2025-07-11 14:58:46 - BtcBroadcast - INFO - 获取成功: 价格=$117820, 24h变化=5.89%
2025-07-11 14:58:46 - BtcBroadcast - INFO - 正在从 alternative.me 获取恐惧贪婪指数...
2025-07-11 14:58:47 - BtcBroadcast - INFO - 获取成功: 恐惧贪婪指数=71 (Greed)
2025-07-11 14:58:47 - BtcBroadcast - INFO - 正在从币安获取 BTCUSDT 的 1d K线数据 (最近 100 条)...
2025-07-11 14:58:47 - BtcBroadcast - INFO - 成功获取 100 条K线数据。
2025-07-11 14:58:47 - BtcBroadcast - INFO - 技术指标计算完成: SMA_30=107238.41, RSI_14=73.24
2025-07-11 14:58:47 - BtcBroadcast - INFO - 开始决策...
2025-07-11 14:58:47 - BtcBroadcast - INFO - 当前价格: 117820, SMA_30: 107238.41, RSI_14: 73.24, F&G指数: 71
2025-07-11 14:58:47 - BtcBroadcast - INFO - 决策：少量卖出 (原因: RSI >= 65)
2025-07-11 14:58:47 - BtcBroadcast - INFO - 正在发送消息到飞书...
2025-07-11 14:58:49 - BtcBroadcast - INFO - 消息成功发送到飞书。
2025-07-11 14:58:49 - BtcBroadcast - INFO - 最终决策: 少量卖出
2025-07-11 14:58:49 - BtcBroadcast - INFO - ==================== 本轮播报执行结束 ====================

2025-07-11 15:13:49 - BtcBroadcast - INFO - ==================== 开始执行新一轮播报 ====================
2025-07-11 15:13:49 - BtcBroadcast - INFO - 正在从 CoinGecko 获取 BTC 价格和24小时变动...
2025-07-11 15:14:09 - BtcBroadcast - WARNING - 请求 'https://api.coingecko.com/api/v3/simple/price' 失败 (尝试 1/3): HTTPSConnectionPool(host='api.coingecko.com', port=443): Max retries exceeded with url: /api/v3/simple/price?ids=bitcoin&vs_currencies=usd&include_24hr_change=true (Caused by ConnectTimeoutError(<urllib3.connection.HTTPSConnection object at 0x11dabd1c0>, 'Connection to api.coingecko.com timed out. (connect timeout=10)'))
2025-07-11 15:14:34 - BtcBroadcast - WARNING - 请求 'https://api.coingecko.com/api/v3/simple/price' 失败 (尝试 2/3): HTTPSConnectionPool(host='api.coingecko.com', port=443): Max retries exceeded with url: /api/v3/simple/price?ids=bitcoin&vs_currencies=usd&include_24hr_change=true (Caused by ConnectTimeoutError(<urllib3.connection.HTTPSConnection object at 0x11dc4f3a0>, 'Connection to api.coingecko.com timed out. (connect timeout=10)'))
2025-07-11 15:14:59 - BtcBroadcast - WARNING - 请求 'https://api.coingecko.com/api/v3/simple/price' 失败 (尝试 3/3): HTTPSConnectionPool(host='api.coingecko.com', port=443): Max retries exceeded with url: /api/v3/simple/price?ids=bitcoin&vs_currencies=usd&include_24hr_change=true (Caused by ConnectTimeoutError(<urllib3.connection.HTTPSConnection object at 0x11dc4fbb0>, 'Connection to api.coingecko.com timed out. (connect timeout=10)'))
2025-07-11 15:14:59 - BtcBroadcast - ERROR - 请求 'https://api.coingecko.com/api/v3/simple/price' 在 3 次尝试后最终失败。
2025-07-11 15:14:59 - BtcBroadcast - ERROR - 无法从 CoinGecko 获取 BTC 数据。
2025-07-11 15:14:59 - BtcBroadcast - INFO - 正在从 alternative.me 获取恐惧贪婪指数...
2025-07-11 15:15:01 - BtcBroadcast - INFO - 获取成功: 恐惧贪婪指数=71 (Greed)
2025-07-11 15:15:01 - BtcBroadcast - INFO - 正在从币安获取 BTCUSDT 的 1d K线数据 (最近 100 条)...
2025-07-11 15:15:01 - BtcBroadcast - INFO - 成功获取 100 条K线数据。
2025-07-11 15:15:01 - BtcBroadcast - ERROR - 由于部分数据源获取失败，本轮播报中止。
2025-07-11 15:15:01 - BtcBroadcast - ERROR - 数据不完整，无法格式化飞书消息。
2025-07-11 15:15:01 - BtcBroadcast - INFO - 正在发送消息到飞书...
2025-07-11 15:15:02 - BtcBroadcast - INFO - 消息成功发送到飞书。
2025-07-11 15:15:02 - BtcBroadcast - INFO - ==================== 本轮播报执行结束 ====================

2025-07-11 15:16:01 - BtcBroadcast - INFO - 播报任务已启动，将每隔 15 分钟执行一次。
2025-07-11 15:16:01 - BtcBroadcast - INFO - ==================== 开始执行新一轮播报 ====================
2025-07-11 15:16:01 - BtcBroadcast - INFO - 正在从 CoinGecko 获取 BTC 价格和24小时变动...
2025-07-11 15:16:02 - BtcBroadcast - INFO - 获取成功: 价格=$117588, 24h变化=5.58%
2025-07-11 15:16:02 - BtcBroadcast - INFO - 正在从 alternative.me 获取恐惧贪婪指数...
2025-07-11 15:16:03 - BtcBroadcast - INFO - 获取成功: 恐惧贪婪指数=71 (Greed)
2025-07-11 15:16:03 - BtcBroadcast - INFO - 正在从币安获取 BTCUSDT 的 1d K线数据 (最近 100 条)...
2025-07-11 15:16:04 - BtcBroadcast - INFO - 成功获取 100 条K线数据。
2025-07-11 15:16:04 - BtcBroadcast - INFO - 技术指标计算完成: SMA_30=107236.01, RSI_14=73.15
2025-07-11 15:16:04 - BtcBroadcast - INFO - 开始决策...
2025-07-11 15:16:04 - BtcBroadcast - INFO - 当前价格: 117588, SMA_30: 107236.01, RSI_14: 73.15, F&G指数: 71
2025-07-11 15:16:04 - BtcBroadcast - INFO - 决策：少量卖出 (原因: RSI >= 65)
2025-07-11 15:16:04 - BtcBroadcast - INFO - 正在发送消息到飞书...
2025-07-11 15:16:06 - BtcBroadcast - INFO - 消息成功发送到飞书。
2025-07-11 15:16:06 - BtcBroadcast - INFO - 最终决策: 少量卖出
2025-07-11 15:16:06 - BtcBroadcast - INFO - ==================== 本轮播报执行结束 ====================

2025-07-11 15:31:07 - BtcBroadcast - INFO - ==================== 开始执行新一轮播报 ====================
2025-07-11 15:31:07 - BtcBroadcast - INFO - 正在从 CoinGecko 获取 BTC 价格和24小时变动...
2025-07-11 15:31:27 - BtcBroadcast - WARNING - 请求 'https://api.coingecko.com/api/v3/simple/price' 失败 (尝试 1/3): HTTPSConnectionPool(host='api.coingecko.com', port=443): Max retries exceeded with url: /api/v3/simple/price?ids=bitcoin&vs_currencies=usd&include_24hr_change=true (Caused by ConnectTimeoutError(<urllib3.connection.HTTPSConnection object at 0x122df47c0>, 'Connection to api.coingecko.com timed out. (connect timeout=10)'))
2025-07-11 15:31:52 - BtcBroadcast - WARNING - 请求 'https://api.coingecko.com/api/v3/simple/price' 失败 (尝试 2/3): HTTPSConnectionPool(host='api.coingecko.com', port=443): Max retries exceeded with url: /api/v3/simple/price?ids=bitcoin&vs_currencies=usd&include_24hr_change=true (Caused by ConnectTimeoutError(<urllib3.connection.HTTPSConnection object at 0x122e6e2e0>, 'Connection to api.coingecko.com timed out. (connect timeout=10)'))
2025-07-11 15:32:17 - BtcBroadcast - WARNING - 请求 'https://api.coingecko.com/api/v3/simple/price' 失败 (尝试 3/3): HTTPSConnectionPool(host='api.coingecko.com', port=443): Max retries exceeded with url: /api/v3/simple/price?ids=bitcoin&vs_currencies=usd&include_24hr_change=true (Caused by ConnectTimeoutError(<urllib3.connection.HTTPSConnection object at 0x122df48b0>, 'Connection to api.coingecko.com timed out. (connect timeout=10)'))
2025-07-11 15:32:17 - BtcBroadcast - ERROR - 请求 'https://api.coingecko.com/api/v3/simple/price' 在 3 次尝试后最终失败。
2025-07-11 15:32:17 - BtcBroadcast - ERROR - 无法从 CoinGecko 获取 BTC 数据。
2025-07-11 15:32:17 - BtcBroadcast - INFO - 正在从 alternative.me 获取恐惧贪婪指数...
2025-07-11 15:32:20 - BtcBroadcast - INFO - 获取成功: 恐惧贪婪指数=71 (Greed)
2025-07-11 15:32:20 - BtcBroadcast - INFO - 正在从币安获取 BTCUSDT 的 1d K线数据 (最近 100 条)...
2025-07-11 15:32:22 - BtcBroadcast - INFO - 成功获取 100 条K线数据。
2025-07-11 15:32:22 - BtcBroadcast - ERROR - 由于部分数据源获取失败，本轮播报中止。
2025-07-11 15:32:22 - BtcBroadcast - ERROR - 数据不完整，无法格式化飞书消息。
2025-07-11 15:32:22 - BtcBroadcast - INFO - 正在发送消息到飞书...
2025-07-11 15:32:22 - BtcBroadcast - INFO - 消息成功发送到飞书。
2025-07-11 15:32:22 - BtcBroadcast - INFO - ==================== 本轮播报执行结束 ====================

2025-07-11 15:33:22 - BtcBroadcast - INFO - 播报任务已启动，将每隔 15 分钟执行一次。
2025-07-11 15:33:22 - BtcBroadcast - INFO - ==================== 开始执行新一轮播报 ====================
2025-07-11 15:33:22 - BtcBroadcast - INFO - 正在从 CoinGecko 获取 BTC 价格和24小时变动...
2025-07-11 15:33:23 - BtcBroadcast - INFO - 获取成功: 价格=$117841, 24h变化=5.82%
2025-07-11 15:33:23 - BtcBroadcast - INFO - 正在从 alternative.me 获取恐惧贪婪指数...
2025-07-11 15:33:24 - BtcBroadcast - INFO - 获取成功: 恐惧贪婪指数=71 (Greed)
2025-07-11 15:33:24 - BtcBroadcast - INFO - 正在从币安获取 BTCUSDT 的 1d K线数据 (最近 100 条)...
2025-07-11 15:33:24 - BtcBroadcast - INFO - 成功获取 100 条K线数据。
2025-07-11 15:33:24 - BtcBroadcast - INFO - 技术指标计算完成: SMA_30=107243.91, RSI_14=73.45
2025-07-11 15:33:24 - BtcBroadcast - INFO - 开始决策...
2025-07-11 15:33:24 - BtcBroadcast - INFO - 当前价格: 117841, SMA_30: 107243.91, RSI_14: 73.45, F&G指数: 71
2025-07-11 15:33:24 - BtcBroadcast - INFO - 决策：少量卖出 (原因: RSI >= 65)
2025-07-11 15:33:24 - BtcBroadcast - INFO - 正在发送消息到飞书...
2025-07-11 15:33:35 - BtcBroadcast - ERROR - 发送飞书消息时发生网络错误: HTTPSConnectionPool(host='open.feishu.cn', port=443): Read timed out. (read timeout=10)
2025-07-11 15:33:35 - BtcBroadcast - INFO - 最终决策: 少量卖出
2025-07-11 15:33:35 - BtcBroadcast - INFO - ==================== 本轮播报执行结束 ====================

2025-07-11 15:34:03 - BtcBroadcast - INFO - 播报任务已启动，将每隔 15 分钟执行一次。
2025-07-11 15:34:03 - BtcBroadcast - INFO - ==================== 开始执行新一轮播报 ====================
2025-07-11 15:34:03 - BtcBroadcast - INFO - 正在从 CoinGecko 获取 BTC 价格和24小时变动...
2025-07-11 15:34:04 - BtcBroadcast - INFO - 获取成功: 价格=$117834, 24h变化=5.82%
2025-07-11 15:34:04 - BtcBroadcast - INFO - 正在从 alternative.me 获取恐惧贪婪指数...
2025-07-11 15:34:05 - BtcBroadcast - INFO - 获取成功: 恐惧贪婪指数=71 (Greed)
2025-07-11 15:34:05 - BtcBroadcast - INFO - 正在从币安获取 BTCUSDT 的 1d K线数据 (最近 100 条)...
2025-07-11 15:34:06 - BtcBroadcast - INFO - 成功获取 100 条K线数据。
2025-07-11 15:34:06 - BtcBroadcast - INFO - 技术指标计算完成: SMA_30=107246.65, RSI_14=73.55
2025-07-11 15:34:06 - BtcBroadcast - INFO - 开始决策...
2025-07-11 15:34:06 - BtcBroadcast - INFO - 当前价格: 117834, SMA_30: 107246.65, RSI_14: 73.55, F&G指数: 71
2025-07-11 15:34:06 - BtcBroadcast - INFO - 决策：少量卖出 (原因: RSI >= 65)
2025-07-11 15:34:06 - BtcBroadcast - INFO - 正在发送消息到飞书...
2025-07-11 15:34:07 - BtcBroadcast - INFO - 消息成功发送到飞书。
2025-07-11 15:34:07 - BtcBroadcast - INFO - 最终决策: 少量卖出
2025-07-11 15:34:07 - BtcBroadcast - INFO - ==================== 本轮播报执行结束 ====================

2025-07-11 15:49:07 - BtcBroadcast - INFO - ==================== 开始执行新一轮播报 ====================
2025-07-11 15:49:07 - BtcBroadcast - INFO - 正在从 CoinGecko 获取 BTC 价格和24小时变动...
2025-07-11 15:49:27 - BtcBroadcast - WARNING - 请求 'https://api.coingecko.com/api/v3/simple/price' 失败 (尝试 1/3): HTTPSConnectionPool(host='api.coingecko.com', port=443): Max retries exceeded with url: /api/v3/simple/price?ids=bitcoin&vs_currencies=usd&include_24hr_change=true (Caused by ConnectTimeoutError(<urllib3.connection.HTTPSConnection object at 0x127a367c0>, 'Connection to api.coingecko.com timed out. (connect timeout=10)'))
2025-07-11 15:49:52 - BtcBroadcast - WARNING - 请求 'https://api.coingecko.com/api/v3/simple/price' 失败 (尝试 2/3): HTTPSConnectionPool(host='api.coingecko.com', port=443): Max retries exceeded with url: /api/v3/simple/price?ids=bitcoin&vs_currencies=usd&include_24hr_change=true (Caused by ConnectTimeoutError(<urllib3.connection.HTTPSConnection object at 0x127aa92e0>, 'Connection to api.coingecko.com timed out. (connect timeout=10)'))
2025-07-11 15:50:17 - BtcBroadcast - WARNING - 请求 'https://api.coingecko.com/api/v3/simple/price' 失败 (尝试 3/3): HTTPSConnectionPool(host='api.coingecko.com', port=443): Max retries exceeded with url: /api/v3/simple/price?ids=bitcoin&vs_currencies=usd&include_24hr_change=true (Caused by ConnectTimeoutError(<urllib3.connection.HTTPSConnection object at 0x127a368b0>, 'Connection to api.coingecko.com timed out. (connect timeout=10)'))
2025-07-11 15:50:17 - BtcBroadcast - ERROR - 请求 'https://api.coingecko.com/api/v3/simple/price' 在 3 次尝试后最终失败。
2025-07-11 15:50:17 - BtcBroadcast - ERROR - 无法从 CoinGecko 获取 BTC 数据。
2025-07-11 15:50:17 - BtcBroadcast - INFO - 正在从 alternative.me 获取恐惧贪婪指数...
2025-07-11 15:50:19 - BtcBroadcast - INFO - 获取成功: 恐惧贪婪指数=71 (Greed)
2025-07-11 15:50:19 - BtcBroadcast - INFO - 正在从币安获取 BTCUSDT 的 1d K线数据 (最近 100 条)...
2025-07-11 15:50:19 - BtcBroadcast - INFO - 成功获取 100 条K线数据。
2025-07-11 15:50:19 - BtcBroadcast - ERROR - 由于部分数据源获取失败，本轮播报中止。
2025-07-11 15:50:19 - BtcBroadcast - ERROR - 数据不完整，无法格式化飞书消息。
2025-07-11 15:50:19 - BtcBroadcast - INFO - 正在发送消息到飞书...
2025-07-11 15:50:20 - BtcBroadcast - INFO - 消息成功发送到飞书。
2025-07-11 15:50:20 - BtcBroadcast - INFO - ==================== 本轮播报执行结束 ====================

2025-07-11 20:53:52 - BtcBroadcast - INFO - 播报任务已启动，将每隔 15 分钟执行一次。
2025-07-11 20:53:52 - BtcBroadcast - INFO - ==================== 开始执行新一轮播报 ====================
2025-07-11 20:53:52 - BtcBroadcast - INFO - 正在从 CoinGecko 获取 BTC 价格和24小时变动...
2025-07-11 20:53:53 - BtcBroadcast - INFO - 获取成功: 价格=$117792, 24h变化=6.26%
2025-07-11 20:53:53 - BtcBroadcast - INFO - 正在从 alternative.me 获取恐惧贪婪指数...
2025-07-11 20:53:54 - BtcBroadcast - INFO - 获取成功: 恐惧贪婪指数=71 (Greed)
2025-07-11 20:53:54 - BtcBroadcast - INFO - 正在从币安获取 BTCUSDT 的 1d K线数据 (最近 100 条)...
2025-07-11 20:53:55 - BtcBroadcast - INFO - 成功获取 100 条K线数据。
2025-07-11 20:53:55 - BtcBroadcast - INFO - 技术指标计算完成: SMA_30=107243.97, RSI_14=73.45
2025-07-11 20:53:55 - BtcBroadcast - INFO - 开始决策...
2025-07-11 20:53:55 - BtcBroadcast - INFO - 当前价格: 117792, SMA_30: 107243.97, RSI_14: 73.45, F&G指数: 71
2025-07-11 20:53:55 - BtcBroadcast - INFO - 决策：少量卖出 (原因: RSI >= 65)
2025-07-11 20:53:55 - BtcBroadcast - INFO - 正在发送消息到飞书...
2025-07-11 20:53:55 - BtcBroadcast - INFO - 消息成功发送到飞书。
2025-07-11 20:53:55 - BtcBroadcast - INFO - 最终决策: 少量卖出
2025-07-11 20:53:55 - BtcBroadcast - INFO - ==================== 本轮播报执行结束 ====================

2025-07-11 20:56:20 - BtcBroadcast - INFO - 程序被手动中断。正在退出...
2025-07-11 21:37:19 - BtcBroadcast - INFO - ==================== 开始执行新一轮播报 ====================
2025-07-11 21:37:19 - BtcBroadcast - INFO - 正在从 CoinGecko 获取 BTC 价格和24小时变动...
2025-07-11 21:37:20 - BtcBroadcast - INFO - 获取成功: 价格=$117548, 24h变化=6.07%
2025-07-11 21:37:20 - BtcBroadcast - INFO - 正在从 alternative.me 获取恐惧贪婪指数...
2025-07-11 21:37:22 - BtcBroadcast - INFO - 获取成功: 恐惧贪婪指数=71 (Greed)
2025-07-11 21:37:22 - BtcBroadcast - INFO - 正在从币安获取 BTCUSDT 的 1d K线数据 (最近 100 条)...
2025-07-11 21:37:22 - BtcBroadcast - WARNING - 请求 'https://api.binance.com/api/v3/klines' 失败 (尝试 1/3): HTTPSConnectionPool(host='api.binance.com', port=443): Max retries exceeded with url: /api/v3/klines?symbol=BTCUSDT&interval=1d&limit=100 (Caused by SSLError(SSLEOFError(8, '[SSL: UNEXPECTED_EOF_WHILE_READING] EOF occurred in violation of protocol (_ssl.c:1028)')))
2025-07-11 21:37:27 - BtcBroadcast - INFO - 成功获取 100 条K线数据。
2025-07-11 21:37:27 - BtcBroadcast - INFO - 技术指标计算完成: SMA_30=107242.13, RSI_14=73.38
2025-07-11 21:37:27 - BtcBroadcast - INFO - 开始决策...
2025-07-11 21:37:27 - BtcBroadcast - INFO - 当前价格: 117548, SMA_30: 107242.13, RSI_14: 73.38, F&G指数: 71
2025-07-11 21:37:27 - BtcBroadcast - INFO - 决策：少量卖出 (原因: RSI >= 65)
2025-07-11 21:37:27 - BtcBroadcast - INFO - 正在发送消息到飞书...
2025-07-11 21:37:28 - BtcBroadcast - INFO - 消息成功发送到飞书。
2025-07-11 21:37:28 - BtcBroadcast - INFO - 最终决策: 少量卖出
2025-07-11 21:37:28 - BtcBroadcast - INFO - ==================== 本轮播报执行结束 ====================

2025-07-11 22:50:44 - BtcBroadcast - INFO - ==================== 开始执行新一轮播报 ====================
2025-07-11 22:50:44 - BtcBroadcast - INFO - 正在从 CoinGecko 获取 BTC 价格和24小时变动...
2025-07-11 22:50:45 - BtcBroadcast - INFO - 获取成功: 价格=$117975, 24h变化=6.17%
2025-07-11 22:50:45 - BtcBroadcast - INFO - 正在从 alternative.me 获取恐惧贪婪指数...
2025-07-11 22:50:47 - BtcBroadcast - INFO - 获取成功: 恐惧贪婪指数=71 (Greed)
2025-07-11 22:50:47 - BtcBroadcast - INFO - 正在从币安获取 BTCUSDT 的 1d K线数据 (最近 100 条)...
2025-07-11 22:50:48 - BtcBroadcast - INFO - 成功获取 100 条K线数据。
2025-07-11 22:50:48 - BtcBroadcast - INFO - 技术指标计算完成: SMA_30=107247.80, RSI_14=73.59
2025-07-11 22:50:48 - BtcBroadcast - INFO - 开始决策...
2025-07-11 22:50:48 - BtcBroadcast - INFO - 当前价格: 117975, SMA_30: 107247.80, RSI_14: 73.59, F&G指数: 71
2025-07-11 22:50:48 - BtcBroadcast - INFO - 决策：少量卖出 (原因: RSI >= 65)
2025-07-11 22:50:48 - BtcBroadcast - INFO - 正在发送消息到飞书...
2025-07-11 22:50:48 - BtcBroadcast - INFO - 消息成功发送到飞书。
2025-07-11 22:50:48 - BtcBroadcast - INFO - 最终决策: 少量卖出
2025-07-11 22:50:48 - BtcBroadcast - INFO - ==================== 本轮播报执行结束 ====================

